#-----------------------------------------------------------
# Vivado v2019.2 (64-bit)
# SW Build 2708876 on Wed Nov  6 21:40:23 MST 2019
# IP Build 2700528 on Thu Nov  7 00:09:20 MST 2019
# Start of session at: Mon Mar 30 13:06:11 2020
# Process ID: 10092
# Current directory: C:/lb_1/tmp
# Command line: vivado.exe -gui_launcher_event rodinguilauncherevent5608 C:\lb_1\tmp\project_1.xpr
# Log file: C:/lb_1/tmp/vivado.log
# Journal file: C:/lb_1/tmp\vivado.jou
#-----------------------------------------------------------
start_gui
open_project C:/lb_1/tmp/project_1.xpr
Scanning sources...
Finished scanning sources
INFO: [IP_Flow 19-234] Refreshing IP repositories
INFO: [IP_Flow 19-1704] No user IP repositories specified
INFO: [IP_Flow 19-2313] Loaded Vivado IP repository 'C:/Xilinx/Vivado/2019.2/data/ip'.
open_project: Time (s): cpu = 00:00:25 ; elapsed = 00:00:20 . Memory (MB): peak = 722.297 ; gain = 126.961
update_compile_order -fileset sources_1
close_project
open_project C:/lb_1/tmp/project_1.xpr
Scanning sources...
Finished scanning sources
INFO: [IP_Flow 19-234] Refreshing IP repositories
INFO: [IP_Flow 19-1704] No user IP repositories specified
INFO: [IP_Flow 19-2313] Loaded Vivado IP repository 'C:/Xilinx/Vivado/2019.2/data/ip'.
open_project: Time (s): cpu = 00:00:09 ; elapsed = 00:00:06 . Memory (MB): peak = 748.707 ; gain = 7.605
update_compile_order -fileset sources_1
close_project
open_project E:/lab1/tmp/lab1.xpr
INFO: [Project 1-313] Project file moved from 'C:/Users/8180873/Desktop/lab1/tmp' since last save.
Scanning sources...
Finished scanning sources
INFO: [IP_Flow 19-234] Refreshing IP repositories
INFO: [IP_Flow 19-1704] No user IP repositories specified
INFO: [IP_Flow 19-2313] Loaded Vivado IP repository 'C:/Xilinx/Vivado/2019.2/data/ip'.
open_project: Time (s): cpu = 00:00:07 ; elapsed = 00:00:06 . Memory (MB): peak = 759.223 ; gain = 10.516
update_compile_order -fileset sources_1
close_project
open_project C:/lb_1/tmp/project_1.xpr
Scanning sources...
Finished scanning sources
INFO: [IP_Flow 19-234] Refreshing IP repositories
INFO: [IP_Flow 19-1704] No user IP repositories specified
INFO: [IP_Flow 19-2313] Loaded Vivado IP repository 'C:/Xilinx/Vivado/2019.2/data/ip'.
open_project: Time (s): cpu = 00:00:09 ; elapsed = 00:00:07 . Memory (MB): peak = 783.945 ; gain = 24.723
update_compile_order -fileset sources_1
set_property SOURCE_SET sources_1 [get_filesets sim_1]
close [ open C:/lb_1/tb/lb_1tb.v w ]
add_files -fileset sim_1 C:/lb_1/tb/lb_1tb.v
update_compile_order -fileset sim_1
update_compile_order -fileset sim_1
exit
INFO: [Common 17-206] Exiting Vivado at Mon Mar 30 13:31:29 2020...
